<?xml version="1.0" encoding="utf-8"?><testsuites name="pytest tests"><testsuite name="pytest" errors="0" failures="1" skipped="96" tests="184" time="95.096" timestamp="2025-10-07T16:14:48.327228+00:00" hostname="0eecac76c2df"><properties><property name="Python" value="3.13.7" /><property name="Platform" value="Linux-6.11.0-1018-azure-x86_64-with-glibc2.41" /><property name="Packages" value="{'pytest': '8.4.2', 'pluggy': '1.6.0'}" /><property name="Artifact" value="gcp-gardener_prod_tpm2_trustedboot-arm64" /><property name="Type" value="platform" /><property name="Namespace" value="test" /><property name="Plugins" value="{'json-report': '1.5.0', 'rerunfailures': '16.0.1', 'metadata': '3.1.1'}" /></properties><testcase classname="_bfpxe.test.test_capabilities" name="test_capabilities" time="0.000"><skipped type="pytest.skip" message="test is not part of the enabled features">/gardenlinux/tests/helper/tests/capabilities.py:5: test is not part of the enabled features</skipped></testcase><testcase classname="_bfpxe.test.test_packages_musthave" name="test_packages_musthave" time="0.000"><skipped type="pytest.skip" message="test is not part of the enabled features">/gardenlinux/tests/helper/tests/packages_musthave.py:8: test is not part of the enabled features</skipped></testcase><testcase classname="_dev.test.test_packages_musthave" name="test_packages_musthave" time="0.000"><skipped type="pytest.skip" message="test is not part of the enabled features">/gardenlinux/tests/helper/tests/packages_musthave.py:8: test is not part of the enabled features</skipped></testcase><testcase classname="_iso.test.test_capabilities" name="test_capabilities" time="0.000"><skipped type="pytest.skip" message="test is not part of the enabled features">/gardenlinux/tests/helper/tests/capabilities.py:5: test is not part of the enabled features</skipped></testcase><testcase classname="_iso.test.test_packages_musthave" name="test_packages_musthave" time="0.000"><skipped type="pytest.skip" message="test is not part of the enabled features">/gardenlinux/tests/helper/tests/packages_musthave.py:8: test is not part of the enabled features</skipped></testcase><testcase classname="_pxe.test.test_capabilities" name="test_capabilities" time="0.000"><skipped type="pytest.skip" message="test is not part of the enabled features">/gardenlinux/tests/helper/tests/capabilities.py:5: test is not part of the enabled features</skipped></testcase><testcase classname="_pxe.test.test_packages_musthave" name="test_packages_musthave" time="0.000"><skipped type="pytest.skip" message="test is not part of the enabled features">/gardenlinux/tests/helper/tests/packages_musthave.py:8: test is not part of the enabled features</skipped></testcase><testcase classname="_selinux.test.test_kernel_cmdline" name="test_kernel_cmdline[/etc/kernel/cmdline-security=selinux]" time="0.000"><skipped type="pytest.skip" message="test is not part of the enabled features">/gardenlinux/features/_selinux/test/test_kernel_cmdline.py:5: test is not part of the enabled features</skipped></testcase><testcase classname="_selinux.test.test_packages_musthave" name="test_packages_musthave" time="0.000"><skipped type="pytest.skip" message="test is not part of the enabled features">/gardenlinux/tests/helper/tests/packages_musthave.py:8: test is not part of the enabled features</skipped></testcase><testcase classname="aide.test.test_aide_cron" name="test_aide_cron" time="0.000"><skipped type="pytest.skip" message="test is not part of the enabled features">/gardenlinux/features/aide/test/test_aide_cron.py:4: test is not part of the enabled features</skipped></testcase><testcase classname="aide.test.test_packages_musthave" name="test_packages_musthave" time="0.000"><skipped type="pytest.skip" message="test is not part of the enabled features">/gardenlinux/tests/helper/tests/packages_musthave.py:8: test is not part of the enabled features</skipped></testcase><testcase classname="ali.test.test_packages_musthave" name="test_packages_musthave" time="0.000"><skipped type="pytest.skip" message="test is not part of the enabled features">/gardenlinux/tests/helper/tests/packages_musthave.py:8: test is not part of the enabled features</skipped></testcase><testcase classname="ali.test.test_users" name="test_users" time="0.000"><skipped type="pytest.skip" message="test is not part of the enabled features">/gardenlinux/features/ali/test/test_users.py:5: test is not part of the enabled features</skipped></testcase><testcase classname="aws.test.test_packages_musthave" name="test_packages_musthave" time="0.000"><skipped type="pytest.skip" message="test is not part of the enabled features">/gardenlinux/tests/helper/tests/packages_musthave.py:8: test is not part of the enabled features</skipped></testcase><testcase classname="aws.test.test_users" name="test_users" time="0.000"><properties><property name="security_id" value="172" /></properties><skipped type="pytest.skip" message="test is not part of the enabled features">/gardenlinux/features/aws/test/test_users.py:7: test is not part of the enabled features</skipped></testcase><testcase classname="azure.test.test_azure_times" name="test_startup_time" time="0.000"><skipped type="pytest.skip" message="test is not part of the enabled features">/gardenlinux/features/azure/test/test_azure_times.py:6: test is not part of the enabled features</skipped></testcase><testcase classname="azure.test.test_packages_musthave" name="test_packages_musthave" time="0.000"><skipped type="pytest.skip" message="test is not part of the enabled features">/gardenlinux/tests/helper/tests/packages_musthave.py:8: test is not part of the enabled features</skipped></testcase><testcase classname="azure.test.test_users" name="test_users" time="0.000"><properties><property name="security_id" value="172" /></properties><skipped type="pytest.skip" message="test is not part of the enabled features">/gardenlinux/features/azure/test/test_users.py:7: test is not part of the enabled features</skipped></testcase><testcase classname="base.test.test_basics" name="test_gl_is_support_distro" time="1.653"><properties><property name="security_id" value="1" /></properties></testcase><testcase classname="base.test.test_basics" name="test_no_man" time="0.274" /><testcase classname="base.test.test_basics" name="test_ls" time="0.546" /><testcase classname="base.test.test_basics" name="test_startup_time" time="0.281" /><testcase classname="base.test.test_basics" name="test_startup_script" time="0.273" /><testcase classname="base.test.test_blacklisted_packages" name="test_blacklisted_packages[rlogin]" time="0.551" /><testcase classname="base.test.test_blacklisted_packages" name="test_blacklisted_packages[rsh]" time="0.412" /><testcase classname="base.test.test_blacklisted_packages" name="test_blacklisted_packages[rcp]" time="0.279" /><testcase classname="base.test.test_blacklisted_packages" name="test_blacklisted_packages[telnet]" time="0.279" /><testcase classname="base.test.test_blacklisted_packages" name="test_blacklisted_packages[libdb5.3:amd64]" time="0.279" /><testcase classname="base.test.test_blacklisted_packages" name="test_blacklisted_packages[libdb5.3:arm64]" time="0.279" /><testcase classname="base.test.test_blacklisted_packages" name="test_blacklisted_packages[libssl1.1:amd64]" time="0.279" /><testcase classname="base.test.test_blacklisted_packages" name="test_blacklisted_packages[libssl1.1:arm64]" time="0.279" /><testcase classname="base.test.test_debsums" name="test_debsums[exclude0]" time="0.000"><skipped type="pytest.skip" message="test is disabled by feature cloud">/gardenlinux/features/base/test/test_debsums.py:4: test is disabled by feature cloud</skipped></testcase><testcase classname="base.test.test_disable_sysrq" name="test_dmesg[/etc/sysctl.d/10-disable-sysrq.conf-args0]" time="0.564" /><testcase classname="base.test.test_duplicate_uids" name="test_duplicate_uids" time="0.273" /><testcase classname="base.test.test_groups" name="test_groups[root-user0]" time="0.273" /><testcase classname="base.test.test_groups" name="test_groups[wheel-user1]" time="0.273" /><testcase classname="base.test.test_kernel_config" name="test_nvme_kernel_parameter" time="0.001"><skipped type="pytest.skip" message="test only supported on aws platform">/gardenlinux/features/base/test/test_kernel_config.py:6: test only supported on aws platform</skipped></testcase><testcase classname="base.test.test_metadata_connection" name="test_metadata_connection" time="0.279" /><testcase classname="base.test.test_metadata_connection" name="test_metadata_connection_aws" time="0.001"><skipped type="pytest.skip" message="test only supported on aws platform">/gardenlinux/features/base/test/test_metadata_connection.py:13: test only supported on aws platform</skipped></testcase><testcase classname="base.test.test_metadata_connection" name="test_metadata_connection_azure" time="0.000"><skipped type="pytest.skip" message="test only supported on azure platform">/gardenlinux/features/base/test/test_metadata_connection.py:30: test only supported on azure platform</skipped></testcase><testcase classname="base.test.test_metadata_connection" name="test_metadate_connection_aliyun" time="0.000"><skipped type="pytest.skip" message="test only supported on ali platform">/gardenlinux/features/base/test/test_metadata_connection.py:38: test only supported on ali platform</skipped></testcase><testcase classname="base.test.test_network" name="test_hostname_azure" time="0.000"><skipped type="pytest.skip" message="test only supported on azure platform">/gardenlinux/features/base/test/test_network.py:6: test only supported on azure platform</skipped></testcase><testcase classname="base.test.test_network" name="test_ping4[8.8.8.8]" time="4.377" /><testcase classname="base.test.test_network" name="test_ping4[dns.google]" time="4.351" /><testcase classname="base.test.test_network" name="test_ping4[heise.de]" time="5.297"><failure message="AssertionError: assert '5 packets transmitted, 5 received, 0% packet loss' in 'PING heise.de (193.99.144.80) 56(84) bytes of data.\n64 bytes from redirector.heise.de (193.99.144.80): icmp_seq=1 ttl=252 time=10.9 ms\n64 bytes from redirector.heise.de (193.99.144.80): icmp_seq=2 ttl=252 time=11.8 ms\n64 bytes from redirector.heise.de (193.99.144.80): icmp_seq=4 ttl=252 time=21.0 ms\n64 bytes from redirector.heise.de (193.99.144.80): icmp_seq=5 ttl=252 time=17.4 ms\n\n--- heise.de ping statistics ---\n5 packets transmitted, 4 received, 20% packet loss, time 4018ms\nrtt min/avg/max/mdev = 10.940/15.282/21.033/4.139 ms\n'">client = &lt;helper.sshclient.RemoteClient object at 0x7fbf99088590&gt;
ping4_host = 'heise.de', non_provisioner_chroot = None
non_provisioner_qemu = None

    def test_ping4(client, ping4_host, non_provisioner_chroot, non_provisioner_qemu):
        """ Test if destination by fixture in pingable (IPv4) """
        command = f"ping -c 5 -W 5 {ping4_host}"
        (exit_code, output, error) = client.execute_command(command)
        assert exit_code == 0, f'no {error=} expected when executing "{command}"'
&gt;       assert "5 packets transmitted, 5 received, 0% packet loss" in output
E       AssertionError: assert '5 packets transmitted, 5 received, 0% packet loss' in 'PING heise.de (193.99.144.80) 56(84) bytes of data.\n64 bytes from redirector.heise.de (193.99.144.80): icmp_seq=1 ttl=252 time=10.9 ms\n64 bytes from redirector.heise.de (193.99.144.80): icmp_seq=2 ttl=252 time=11.8 ms\n64 bytes from redirector.heise.de (193.99.144.80): icmp_seq=4 ttl=252 time=21.0 ms\n64 bytes from redirector.heise.de (193.99.144.80): icmp_seq=5 ttl=252 time=17.4 ms\n\n--- heise.de ping statistics ---\n5 packets transmitted, 4 received, 20% packet loss, time 4018ms\nrtt min/avg/max/mdev = 10.940/15.282/21.033/4.139 ms\n'

client     = &lt;helper.sshclient.RemoteClient object at 0x7fbf99088590&gt;
command    = 'ping -c 5 -W 5 heise.de'
error      = ''
exit_code  = 0
non_provisioner_chroot = None
non_provisioner_qemu = None
output     = ('PING heise.de (193.99.144.80) 56(84) bytes of data.\n'
 '64 bytes from redirector.heise.de (193.99.144.80): icmp_seq=1 ttl=252 '
 'time=10.9 ms\n'
 '64 bytes from redirector.heise.de (193.99.144.80): icmp_seq=2 ttl=252 '
 'time=11.8 ms\n'
 '64 bytes from redirector.heise.de (193.99.144.80): icmp_seq=4 ttl=252 '
 'time=21.0 ms\n'
 '64 bytes from redirector.heise.de (193.99.144.80): icmp_seq=5 ttl=252 '
 'time=17.4 ms\n'
 '\n'
 '--- heise.de ping statistics ---\n'
 '5 packets transmitted, 4 received, 20% packet loss, time 4018ms\n'
 'rtt min/avg/max/mdev = 10.940/15.282/21.033/4.139 ms\n')
ping4_host = 'heise.de'

../features/base/test/test_network.py:31: AssertionError</failure></testcase><testcase classname="base.test.test_network" name="test_ping6[2001:4860:4860::8888]" time="0.000"><skipped type="pytest.skip" message="ipv6 not available in all vpcs">/gardenlinux/features/base/test/test_network.py:38: ipv6 not available in all vpcs</skipped></testcase><testcase classname="base.test.test_network" name="test_ping6[dns.google]" time="0.000"><skipped type="pytest.skip" message="ipv6 not available in all vpcs">/gardenlinux/features/base/test/test_network.py:38: ipv6 not available in all vpcs</skipped></testcase><testcase classname="base.test.test_network" name="test_ping6[heise.de]" time="0.000"><skipped type="pytest.skip" message="ipv6 not available in all vpcs">/gardenlinux/features/base/test/test_network.py:38: ipv6 not available in all vpcs</skipped></testcase><testcase classname="base.test.test_orphaned" name="test_orphaned" time="0.000"><skipped type="pytest.skip" message="test only supported on chroot">/gardenlinux/features/base/test/test_orphaned.py:6: test only supported on chroot</skipped></testcase><testcase classname="base.test.test_packages_musthave" name="test_packages_musthave" time="0.822" /><testcase classname="base.test.test_partition" name="test_growpart" time="0.001"><skipped type="pytest.skip" message="test only supported on openstack">/gardenlinux/features/base/test/test_partition.py:14: test only supported on openstack</skipped></testcase><testcase classname="base.test.test_password_hashes" name="test_password_hashes" time="0.273"><properties><property name="security_id" value="325" /></properties></testcase><testcase classname="base.test.test_password_shadow" name="test_password_shadow[pwck -r-0-]" time="0.841"><properties><property name="security_id" value="324" /><property name="security_id" value="170" /><property name="security_id" value="169" /><property name="security_id" value="168" /><property name="security_id" value="167" /></properties></testcase><testcase classname="base.test.test_password_shadow" name="test_password_shadow[grpck -r-0-]" time="0.832"><properties><property name="security_id" value="324" /><property name="security_id" value="170" /><property name="security_id" value="169" /><property name="security_id" value="168" /><property name="security_id" value="167" /></properties></testcase><testcase classname="base.test.test_platform_driver" name="test_aws_ena_driver" time="0.001"><skipped type="pytest.skip" message="test only supported on aws platform">/gardenlinux/features/base/test/test_platform_driver.py:4: test only supported on aws platform</skipped></testcase><testcase classname="base.test.test_proc" name="test_proc" time="0.000"><skipped type="pytest.skip" message="test only supported on container platform">/gardenlinux/features/base/test/test_proc.py:4: test only supported on container platform</skipped></testcase><testcase classname="base.test.test_random" name="test_random" time="1.538" /><testcase classname="base.test.test_rkhunter" name="test_rkhunter" time="0.000"><skipped type="pytest.skip" message="test only supported on chroot">/gardenlinux/tests/helper/tests/rkhunter.py:10: test only supported on chroot</skipped></testcase><testcase classname="base.test.test_sgid_suid_files" name="test_sgid_suid_files[sgid-whitelist_files0]" time="0.677" /><testcase classname="base.test.test_sgid_suid_files" name="test_sgid_suid_files[suid-whitelist_files1]" time="0.535" /><testcase classname="base.test.test_su" name="test_su_restriction" time="0.282"><properties><property name="security_id" value="166" /></properties></testcase><testcase classname="base.test.test_systemd" name="test_systemctl_no_failed_units" time="0.277" /><testcase classname="base.test.test_systemd" name="test_systemctl_no_failed_units_kvm" time="0.000"><skipped type="pytest.skip" message="test only supported on kvm platform">/gardenlinux/features/base/test/test_systemd.py:25: test only supported on kvm platform</skipped></testcase><testcase classname="base.test.test_tiger" name="test_tiger" time="0.000"><skipped type="pytest.skip" message="test only supported on chroot">/gardenlinux/tests/helper/tests/tiger.py:7: test only supported on chroot</skipped></testcase><testcase classname="base.test.test_time_config" name="test_correct_ntp" time="0.278" /><testcase classname="base.test.test_time_config" name="test_timesync" time="0.001"><skipped type="pytest.skip" message="test only supported on azure platform">/gardenlinux/features/base/test/test_time_config.py:21: test only supported on azure platform</skipped></testcase><testcase classname="base.test.test_time_config" name="test_clock" time="0.273" /><testcase classname="base.test.test_time_config" name="test_ntp" time="0.001"><skipped type="pytest.skip" message="test not supported on gcp">/gardenlinux/features/base/test/test_time_config.py:38: test not supported on gcp</skipped></testcase><testcase classname="base.test.test_time_config" name="test_ntp_hyperscaler" time="0.000"><skipped type="pytest.skip" message="test only supported on aws platform">/gardenlinux/features/base/test/test_time_config.py:58: test only supported on aws platform</skipped></testcase><testcase classname="base.test.test_time_config" name="test_files_not_in_future" time="0.565" /><testcase classname="base.test.test_time_config" name="test_clocksource" time="0.001"><skipped type="pytest.skip" message="test only supported on aws platform">/gardenlinux/features/base/test/test_time_config.py:103: test only supported on aws platform</skipped></testcase><testcase classname="base.test.test_time_config" name="test_chrony" time="0.000"><skipped type="pytest.skip" message="test only supported on azure platform">/gardenlinux/features/base/test/test_time_config.py:128: test only supported on azure platform</skipped></testcase><testcase classname="base.test.test_umask" name="test_umask[/etc/login.defs-dict0]" time="0.272" /><testcase classname="base.test.test_umask" name="test_umask_cmd" time="0.282" /><testcase classname="base.test.test_users" name="test_users" time="0.001"><properties><property name="security_id" value="161" /></properties><skipped type="pytest.skip" message="test not supported on hyperscaler gcp platform">/gardenlinux/features/base/test/test_users.py:4: test not supported on hyperscaler gcp platform</skipped></testcase><testcase classname="base.test.test_usr_ro" name="test_usr_read_only" time="0.273" /><testcase classname="bluefield.test.test_packages_musthave" name="test_packages_musthave" time="0.000"><skipped type="pytest.skip" message="test is not part of the enabled features">/gardenlinux/tests/helper/tests/packages_musthave.py:8: test is not part of the enabled features</skipped></testcase><testcase classname="chost.test.test_packages_musthave" name="test_packages_musthave" time="0.000"><skipped type="pytest.skip" message="test is not part of the enabled features">/gardenlinux/tests/helper/tests/packages_musthave.py:8: test is not part of the enabled features</skipped></testcase><testcase classname="chost.test.test_systemd_unit" name="test_systemd_unit[kubelet]" time="0.000"><skipped type="pytest.skip" message="test is not part of the enabled features">/gardenlinux/features/chost/test/test_systemd_unit.py:6: test is not part of the enabled features</skipped></testcase><testcase classname="cis.test.test_debian_cis" name="test_debian_cis[args0]" time="0.000"><skipped type="pytest.skip" message="test is not part of the enabled features">/gardenlinux/features/cis/test/test_debian_cis.py:5: test is not part of the enabled features</skipped></testcase><testcase classname="clamav.test.test_clamav_cron" name="test_clamav_cron" time="0.000"><skipped type="pytest.skip" message="test is not part of the enabled features">/gardenlinux/features/clamav/test/test_clamav_cron.py:4: test is not part of the enabled features</skipped></testcase><testcase classname="clamav.test.test_packages_musthave" name="test_packages_musthave" time="0.000"><skipped type="pytest.skip" message="test is not part of the enabled features">/gardenlinux/tests/helper/tests/packages_musthave.py:8: test is not part of the enabled features</skipped></testcase><testcase classname="cloud.test.test_autologout" name="test_autologout[/etc/profile.d/50-autologout.sh-dict0]" time="0.272" /><testcase classname="cloud.test.test_kernel_config" name="test_kernel_configs[test_kernel_config_tuple0]" time="0.561" /><testcase classname="cloud.test.test_kernel_config" name="test_kernel_configs[test_kernel_config_tuple1]" time="0.560" /><testcase classname="cloud.test.test_kernel_config" name="test_kernel_configs[test_kernel_config_tuple2]" time="1.103" /><testcase classname="cloud.test.test_kernel_modules" name="test_kernel_modules[wireguard]" time="0.564" /><testcase classname="cloud.test.test_only_one_kernel" name="test_number_installed_kernels" time="0.287" /><testcase classname="cloud.test.test_packages_musthave" name="test_packages_musthave" time="0.688" /><testcase classname="fedramp.test.test_fedramp" name="test_fedramp[/gardenlinux/features/fedramp/test/test.sh]" time="0.000"><skipped type="pytest.skip" message="test is not part of the enabled features">/gardenlinux/features/fedramp/test/test_fedramp.py:6: test is not part of the enabled features</skipped></testcase><testcase classname="fedramp.test.test_packages_musthave" name="test_packages_musthave" time="0.000"><skipped type="pytest.skip" message="test is not part of the enabled features">/gardenlinux/tests/helper/tests/packages_musthave.py:8: test is not part of the enabled features</skipped></testcase><testcase classname="firewall.test.test_nft_config" name="test_nft_config" time="0.000"><skipped type="pytest.skip" message="test is not part of the enabled features">/gardenlinux/features/firewall/test/test_nft_config.py:4: test is not part of the enabled features</skipped></testcase><testcase classname="firewall.test.test_packages_musthave" name="test_packages_musthave" time="0.000"><skipped type="pytest.skip" message="test is not part of the enabled features">/gardenlinux/tests/helper/tests/packages_musthave.py:8: test is not part of the enabled features</skipped></testcase><testcase classname="firewall.test.test_systemd_units" name="test_systemd_unit[nftables]" time="0.000"><skipped type="pytest.skip" message="test is not part of the enabled features">/gardenlinux/features/firewall/test/test_systemd_units.py:6: test is not part of the enabled features</skipped></testcase><testcase classname="gardener.test.test_dmesg" name="test_dmesg[/etc/sysctl.d/40-allow-nonroot-dmesg.conf-args0]" time="0.561" /><testcase classname="gardener.test.test_dmesg" name="test_dmesg[/tmp/sysctl.txt-args1]" time="0.566" /><testcase classname="gardener.test.test_files_excluded" name="test_file_excluded" time="1.086" /><testcase classname="gardener.test.test_lsm" name="test_lsm[selinux-False]" time="0.272" /><testcase classname="gardener.test.test_lsm" name="test_lsm[apparmor-True]" time="0.272" /><testcase classname="gardener.test.test_packages_musthave" name="test_packages_musthave" time="0.577" /><testcase classname="gardener.test.test_sysctls" name="test_sysctls[net.ipv4.conf.all.rp_filter-isnotornotset-1]" time="0.305" /><testcase classname="gardener.test.test_sysctls" name="test_sysctls[net.ipv4.conf.default.rp_filter-isnotornotset-1]" time="0.304" /><testcase classname="gardener.test.test_systemd_units" name="test_systemd_unit[containerd]" time="0.864" /><testcase classname="gcp.test.test_blacklisted_packages" name="test_blacklisted_packages[irqbalance]" time="0.278" /><testcase classname="gcp.test.test_packages_musthave" name="test_packages_musthave" time="0.558" /><testcase classname="gcp.test.test_users" name="test_users" time="10.105"><properties><property name="security_id" value="172" /></properties></testcase><testcase classname="iscsi.test.test_iscsi" name="test_iscsi_setup" time="19.626" /><testcase classname="iscsi.test.test_packages_musthave" name="test_packages_musthave" time="0.820" /><testcase classname="khost.test.test_packages_musthave" name="test_packages_musthave" time="0.000"><skipped type="pytest.skip" message="test is not part of the enabled features">/gardenlinux/tests/helper/tests/packages_musthave.py:8: test is not part of the enabled features</skipped></testcase><testcase classname="khost.test.test_systemd_unit" name="test_systemd_unit[kubelet]" time="0.000"><skipped type="pytest.skip" message="test is not part of the enabled features">/gardenlinux/features/khost/test/test_systemd_unit.py:6: test is not part of the enabled features</skipped></testcase><testcase classname="kvm.test.test_packages_musthave" name="test_packages_musthave" time="0.000"><skipped type="pytest.skip" message="test is not part of the enabled features">/gardenlinux/tests/helper/tests/packages_musthave.py:8: test is not part of the enabled features</skipped></testcase><testcase classname="metal.test.test_kernel_config" name="test_kernel_configs[test_kernel_config_tuple0]" time="0.000"><skipped type="pytest.skip" message="test is not part of the enabled features">/gardenlinux/features/metal/test/test_kernel_config.py:6: test is not part of the enabled features</skipped></testcase><testcase classname="metal.test.test_kernel_config" name="test_kernel_configs[test_kernel_config_tuple1]" time="0.000"><skipped type="pytest.skip" message="test is not part of the enabled features">/gardenlinux/features/metal/test/test_kernel_config.py:6: test is not part of the enabled features</skipped></testcase><testcase classname="metal.test.test_kernel_config" name="test_kernel_configs[test_kernel_config_tuple2]" time="0.000"><skipped type="pytest.skip" message="test is not part of the enabled features">/gardenlinux/features/metal/test/test_kernel_config.py:6: test is not part of the enabled features</skipped></testcase><testcase classname="metal.test.test_packages_musthave" name="test_packages_musthave" time="0.000"><skipped type="pytest.skip" message="test is not part of the enabled features">/gardenlinux/tests/helper/tests/packages_musthave.py:8: test is not part of the enabled features</skipped></testcase><testcase classname="nvme.test.test_kernel_modules" name="test_kernel_modules[nvme-tcp]" time="0.563" /><testcase classname="nvme.test.test_nvme_over_tcp_locally" name="test_nvme_locally" time="4.893" /><testcase classname="nvme.test.test_packages_musthave" name="test_packages_musthave" time="0.555" /><testcase classname="openstack.test.test_check_files" name="test_check_file[/etc/cloud/ds-identify.cfg]" time="0.000"><skipped type="pytest.skip" message="test is not part of the enabled features">/gardenlinux/features/openstack/test/test_check_files.py:5: test is not part of the enabled features</skipped></testcase><testcase classname="openstack.test.test_check_files" name="test_check_file[/etc/cloud/cloud.cfg.d/01_debian-cloud.cfg]" time="0.000"><skipped type="pytest.skip" message="test is not part of the enabled features">/gardenlinux/features/openstack/test/test_check_files.py:5: test is not part of the enabled features</skipped></testcase><testcase classname="openstack.test.test_check_files" name="test_check_file[/etc/cloud/cloud.cfg.d/50-datasource.cfg]" time="0.000"><skipped type="pytest.skip" message="test is not part of the enabled features">/gardenlinux/features/openstack/test/test_check_files.py:5: test is not part of the enabled features</skipped></testcase><testcase classname="openstack.test.test_check_files" name="test_check_file[/etc/cloud/cloud.cfg.d/99_disable-network-config.cfg]" time="0.001"><skipped type="pytest.skip" message="test is not part of the enabled features">/gardenlinux/features/openstack/test/test_check_files.py:5: test is not part of the enabled features</skipped></testcase><testcase classname="openstack.test.test_content_in_file" name="test_file_content[/etc/cloud/cloud.cfg-ntp]" time="0.000"><skipped type="pytest.skip" message="test is not part of the enabled features">/gardenlinux/features/openstack/test/test_content_in_file.py:6: test is not part of the enabled features</skipped></testcase><testcase classname="openstack.test.test_content_in_file" name="test_file_content[/etc/cloud/cloud.cfg-resizefs]" time="0.000"><skipped type="pytest.skip" message="test is not part of the enabled features">/gardenlinux/features/openstack/test/test_content_in_file.py:6: test is not part of the enabled features</skipped></testcase><testcase classname="openstack.test.test_content_in_file" name="test_file_content[/etc/cloud/cloud.cfg-growpart]" time="0.000"><skipped type="pytest.skip" message="test is not part of the enabled features">/gardenlinux/features/openstack/test/test_content_in_file.py:6: test is not part of the enabled features</skipped></testcase><testcase classname="openstack.test.test_packages_musthave" name="test_packages_musthave" time="0.000"><skipped type="pytest.skip" message="test is not part of the enabled features">/gardenlinux/tests/helper/tests/packages_musthave.py:8: test is not part of the enabled features</skipped></testcase><testcase classname="openstackbaremetal.test.test_check_files" name="test_check_file[/etc/cloud/ds-identify.cfg]" time="0.000"><skipped type="pytest.skip" message="test is not part of the enabled features">/gardenlinux/features/openstackbaremetal/test/test_check_files.py:5: test is not part of the enabled features</skipped></testcase><testcase classname="openstackbaremetal.test.test_check_files" name="test_check_file[/etc/cloud/cloud.cfg.d/01_debian-cloud.cfg]" time="0.000"><skipped type="pytest.skip" message="test is not part of the enabled features">/gardenlinux/features/openstackbaremetal/test/test_check_files.py:5: test is not part of the enabled features</skipped></testcase><testcase classname="openstackbaremetal.test.test_check_files" name="test_check_file[/etc/cloud/cloud.cfg.d/50-datasource.cfg]" time="0.000"><skipped type="pytest.skip" message="test is not part of the enabled features">/gardenlinux/features/openstackbaremetal/test/test_check_files.py:5: test is not part of the enabled features</skipped></testcase><testcase classname="openstackbaremetal.test.test_check_files" name="test_check_file[/etc/cloud/cloud.cfg.d/65-network-config.cfg]" time="0.000"><skipped type="pytest.skip" message="test is not part of the enabled features">/gardenlinux/features/openstackbaremetal/test/test_check_files.py:5: test is not part of the enabled features</skipped></testcase><testcase classname="openstackbaremetal.test.test_check_files" name="test_check_file[/etc/dracut.conf.d/49-include-bnxt-drivers.conf]" time="0.000"><skipped type="pytest.skip" message="test is not part of the enabled features">/gardenlinux/features/openstackbaremetal/test/test_check_files.py:5: test is not part of the enabled features</skipped></testcase><testcase classname="openstackbaremetal.test.test_content_in_file" name="test_file_content[/etc/cloud/cloud.cfg-ntp]" time="0.000"><skipped type="pytest.skip" message="test is not part of the enabled features">/gardenlinux/features/openstackbaremetal/test/test_content_in_file.py:6: test is not part of the enabled features</skipped></testcase><testcase classname="openstackbaremetal.test.test_content_in_file" name="test_file_content[/etc/cloud/cloud.cfg-resizefs]" time="0.000"><skipped type="pytest.skip" message="test is not part of the enabled features">/gardenlinux/features/openstackbaremetal/test/test_content_in_file.py:6: test is not part of the enabled features</skipped></testcase><testcase classname="openstackbaremetal.test.test_content_in_file" name="test_file_content[/etc/cloud/cloud.cfg-growpart]" time="0.000"><skipped type="pytest.skip" message="test is not part of the enabled features">/gardenlinux/features/openstackbaremetal/test/test_content_in_file.py:6: test is not part of the enabled features</skipped></testcase><testcase classname="openstackbaremetal.test.test_packages_musthave" name="test_packages_musthave" time="0.000"><skipped type="pytest.skip" message="test is not part of the enabled features">/gardenlinux/tests/helper/tests/packages_musthave.py:8: test is not part of the enabled features</skipped></testcase><testcase classname="openstackbaremetal.test.test_users" name="test_users" time="0.000"><skipped type="pytest.skip" message="test is not part of the enabled features">/gardenlinux/features/openstackbaremetal/test/test_users.py:5: test is not part of the enabled features</skipped></testcase><testcase classname="server.test.test_autologin" name="test_autologin[/etc/systemd/system/serial-getty@.service.d/autologin.conf-args0]" time="0.271" /><testcase classname="server.test.test_autologin" name="test_autologin[/etc/systemd/system/getty@tty1.service.d/autologin.conf-args1]" time="0.272" /><testcase classname="server.test.test_capabilities" name="test_capabilities" time="9.364" /><testcase classname="server.test.test_dmesg" name="test_dmesg[/etc/sysctl.d/40-restric-dmesg.conf-args0]" time="0.001"><skipped type="pytest.skip" message="test is not supported on gardener">/gardenlinux/features/server/test/test_dmesg.py:6: test is not supported on gardener</skipped></testcase><testcase classname="server.test.test_dmesg" name="test_dmesg[/tmp/sysctl.txt-args1]" time="0.001"><skipped type="pytest.skip" message="test is not supported on gardener">/gardenlinux/features/server/test/test_dmesg.py:6: test is not supported on gardener</skipped></testcase><testcase classname="server.test.test_history" name="test_history[/etc/profile.d/50-nohistory.sh-args0]" time="0.551" /><testcase classname="server.test.test_kernel_parameter" name="test_kernel_parameter[fs.protected_symlinks-1]" time="0.282" /><testcase classname="server.test.test_kernel_parameter" name="test_kernel_parameter[fs.protected_hardlinks-1]" time="0.281" /><testcase classname="server.test.test_kernel_parameter" name="test_kernel_parameter[kernel.randomize_va_space-2]" time="0.282" /><testcase classname="server.test.test_machine_id" name="test_machine_id" time="0.001"><skipped type="pytest.skip" message="test only supported on chroot">/gardenlinux/features/server/test/test_machine_id.py:4: test only supported on chroot</skipped></testcase><testcase classname="server.test.test_machine_id" name="test_machine_id_powered_on" time="0.271" /><testcase classname="server.test.test_packages_musthave" name="test_packages_musthave" time="0.872" /><testcase classname="server.test.test_pam" name="test_pam_faillock[/etc/pam.d/common-password-password required pam_passwdqc.so min=disabled,disabled,12,8,8 passphrase=4 similar=deny retry=5]" time="0.272" /><testcase classname="server.test.test_pam" name="test_pam_faillock[/etc/pam.d/common-password-password required pam_pwhistory.so use_authtok remember=5 retry=5]" time="0.272" /><testcase classname="server.test.test_pam_faillock" name="test_pam_faillock[/etc/pam.d/common-auth-auth required pam_faillock.so preauth silent audit deny=5 unlock_time=900]" time="0.272" /><testcase classname="server.test.test_pam_faillock" name="test_pam_faillock[/etc/pam.d/common-auth-auth [default=die] pam_faillock.so authfail silent audit deny=5 unlock_time=900]" time="0.272" /><testcase classname="server.test.test_pam_faillock" name="test_pam_faillock[/etc/pam.d/common-account-account required pam_faillock.so]" time="0.271" /><testcase classname="server.test.test_reset_env_vars" name="test_reset_env_vars[/etc/sudoers-args0-True]" time="0.282" /><testcase classname="server.test.test_systemctl" name="test_systemctl[enabled-services0]" time="0.760" /><testcase classname="server.test.test_systemctl" name="test_systemctl[disabled-services1]" time="0.759" /><testcase classname="server.test.test_tiger" name="test_tiger" time="0.000"><skipped type="pytest.skip" message="test only supported on chroot">/gardenlinux/tests/helper/tests/tiger.py:7: test only supported on chroot</skipped></testcase><testcase classname="server.test.test_users" name="test_users" time="0.001"><skipped type="pytest.skip" message="test not supported on hyperscaler gcp platform">/gardenlinux/features/server/test/test_users.py:3: test not supported on hyperscaler gcp platform</skipped></testcase><testcase classname="ssh.test.test_ssh_authorized" name="test_ssh_authorized" time="0.000"><skipped type="pytest.skip" message="test only supported on chroot">/gardenlinux/tests/helper/tests/ssh_authorized.py:3: test only supported on chroot</skipped></testcase><testcase classname="ssh.test.test_sshd" name="test_sshd[HostKey /etc/ssh/ssh_host_ed25519_key]" time="0.290" /><testcase classname="ssh.test.test_sshd" name="test_sshd[HostKey /etc/ssh/ssh_host_rsa_key]" time="0.290" /><testcase classname="ssh.test.test_sshd" name="test_sshd[KexAlgorithms sntrup761x25519-sha512,sntrup761x25519-sha512@openssh.com,mlkem768x25519-sha256,curve25519-sha256,curve25519-sha256@libssh.org,ecdh-sha2-nistp256,ecdh-sha2-nistp384,ecdh-sha2-nistp521]" time="0.290" /><testcase classname="ssh.test.test_sshd" name="test_sshd[Ciphers chacha20-poly1305@openssh.com,aes128-ctr,aes192-ctr,aes256-ctr,aes128-gcm@openssh.com,aes256-gcm@openssh.com]" time="0.290" /><testcase classname="ssh.test.test_sshd" name="test_sshd[MACs umac-64-etm@openssh.com,umac-128-etm@openssh.com,hmac-sha2-256-etm@openssh.com,hmac-sha2-512-etm@openssh.com,hmac-sha1-etm@openssh.com,umac-64@openssh.com,umac-128@openssh.com,hmac-sha2-256,hmac-sha2-512,hmac-sha1]" time="0.290" /><testcase classname="ssh.test.test_sshd" name="test_sshd[AuthenticationMethods publickey]" time="0.289" /><testcase classname="ssh.test.test_sshd" name="test_sshd[LogLevel VERBOSE]" time="0.290" /><testcase classname="ssh.test.test_sshd" name="test_sshd[Subsystem sftp /usr/lib/openssh/sftp-server -f AUTHPRIV -l INFO]" time="0.289" /><testcase classname="ssh.test.test_sshd" name="test_sshd[PermitRootLogin No]" time="0.290" /><testcase classname="ssh.test.test_sshd" name="test_sshd[X11Forwarding no]" time="0.289" /><testcase classname="ssh.test.test_sshd" name="test_sshd[UsePAM yes]" time="0.290" /><testcase classname="vhost.test.test_capabilities" name="test_capabilities" time="0.000"><skipped type="pytest.skip" message="test is not part of the enabled features">/gardenlinux/tests/helper/tests/capabilities.py:5: test is not part of the enabled features</skipped></testcase><testcase classname="vhost.test.test_packages_musthave" name="test_packages_musthave" time="0.000"><skipped type="pytest.skip" message="test is not part of the enabled features">/gardenlinux/tests/helper/tests/packages_musthave.py:8: test is not part of the enabled features</skipped></testcase><testcase classname="vhost.test.test_systemd_unit" name="test_systemd_unit[libvirtd]" time="0.000"><skipped type="pytest.skip" message="test is not part of the enabled features">/gardenlinux/features/vhost/test/test_systemd_unit.py:6: test is not part of the enabled features</skipped></testcase><testcase classname="vhost.test.test_users" name="test_users[libvirt-qemu]" time="0.000"><skipped type="pytest.skip" message="test is not part of the enabled features">/gardenlinux/features/vhost/test/test_users.py:4: test is not part of the enabled features</skipped></testcase><testcase classname="vmware.test.test_check_files" name="test_check_file[/usr/bin/dscheck_VMwareGuestInfo]" time="0.000"><skipped type="pytest.skip" message="test is not part of the enabled features">/gardenlinux/features/vmware/test/test_check_files.py:5: test is not part of the enabled features</skipped></testcase><testcase classname="vmware.test.test_check_files" name="test_check_file[/usr/lib/python3/dist-packages/cloudinit/sources/DataSourceVMwareGuestInfo.py]" time="0.000"><skipped type="pytest.skip" message="test is not part of the enabled features">/gardenlinux/features/vmware/test/test_check_files.py:5: test is not part of the enabled features</skipped></testcase><testcase classname="vmware.test.test_check_files" name="test_check_file[/etc/cloud/cloud.cfg.d/01_debian-cloud.cfg]" time="0.000"><skipped type="pytest.skip" message="test is not part of the enabled features">/gardenlinux/features/vmware/test/test_check_files.py:5: test is not part of the enabled features</skipped></testcase><testcase classname="vmware.test.test_check_files" name="test_check_file[/etc/cloud/cloud.cfg.d/99_disable-network-config.cfg]" time="0.000"><skipped type="pytest.skip" message="test is not part of the enabled features">/gardenlinux/features/vmware/test/test_check_files.py:5: test is not part of the enabled features</skipped></testcase><testcase classname="vmware.test.test_check_files" name="test_check_file[/etc/cloud/cloud.cfg.d/99_enabled-datasources.cfg]" time="0.001"><skipped type="pytest.skip" message="test is not part of the enabled features">/gardenlinux/features/vmware/test/test_check_files.py:5: test is not part of the enabled features</skipped></testcase><testcase classname="vmware.test.test_content_in_file" name="test_file_content[/etc/cloud/cloud.cfg-ntp]" time="0.000"><skipped type="pytest.skip" message="test is not part of the enabled features">/gardenlinux/features/vmware/test/test_content_in_file.py:6: test is not part of the enabled features</skipped></testcase><testcase classname="vmware.test.test_content_in_file" name="test_file_content[/etc/cloud/cloud.cfg-resizefs]" time="0.000"><skipped type="pytest.skip" message="test is not part of the enabled features">/gardenlinux/features/vmware/test/test_content_in_file.py:6: test is not part of the enabled features</skipped></testcase><testcase classname="vmware.test.test_content_in_file" name="test_file_content[/etc/cloud/cloud.cfg-growpart]" time="0.000"><skipped type="pytest.skip" message="test is not part of the enabled features">/gardenlinux/features/vmware/test/test_content_in_file.py:6: test is not part of the enabled features</skipped></testcase><testcase classname="vmware.test.test_packages_musthave" name="test_packages_musthave" time="0.000"><skipped type="pytest.skip" message="test is not part of the enabled features">/gardenlinux/tests/helper/tests/packages_musthave.py:8: test is not part of the enabled features</skipped></testcase><testcase classname="local.test_oci" name="test_oci_feat" time="0.002"><skipped type="pytest.skip" message="test only supported on local">/gardenlinux/tests/local/test_oci.py:13: test only supported on local</skipped></testcase></testsuite></testsuites>